{
  "stats": {
    "suites": 2,
    "tests": 5,
    "passes": 5,
    "pending": 0,
    "failures": 0,
    "start": "2020-11-21T17:18:43.426Z",
    "end": "2020-11-21T17:18:47.533Z",
    "duration": 4107,
    "testsRegistered": 5,
    "passPercent": 100,
    "pendingPercent": 0,
    "other": 0,
    "hasOther": false,
    "skipped": 0,
    "hasSkipped": false
  },
  "results": [
    {
      "uuid": "32c82946-c0dc-408e-aee8-b056a284cea2",
      "title": "",
      "fullFile": "",
      "file": "",
      "beforeHooks": [],
      "afterHooks": [],
      "tests": [],
      "suites": [
        {
          "uuid": "723c9b03-d688-44a6-a253-0fc418ee7461",
          "title": "User Posts",
          "fullFile": "/Users/ashbeher/Desktop/Personal/InterviewPrep/supertest-api-tests/test/post.js",
          "file": "/test/post.js",
          "beforeHooks": [
            {
              "title": "\"before all\" hook in \"User Posts\"",
              "fullTitle": "User Posts \"before all\" hook in \"User Posts\"",
              "timedOut": false,
              "duration": 745,
              "state": null,
              "speed": null,
              "pass": false,
              "fail": false,
              "pending": false,
              "context": null,
              "code": "var self = this,\n    args = arguments;\nreturn new Promise(function (resolve, reject) {\n  var gen = fn.apply(self, args);\n  function _next(value) {\n    asyncGeneratorStep(gen, resolve, reject, _next, _throw, \"next\", value);\n  }\n  function _throw(err) {\n    asyncGeneratorStep(gen, resolve, reject, _next, _throw, \"throw\", err);\n  }\n  _next(undefined);\n});",
              "err": {},
              "uuid": "a3401c2a-7b33-4bd1-8a54-863c7e4ab68a",
              "parentUUID": "723c9b03-d688-44a6-a253-0fc418ee7461",
              "isHook": true,
              "skipped": false
            }
          ],
          "afterHooks": [],
          "tests": [
            {
              "title": "POST /posts",
              "fullTitle": "User Posts POST /posts",
              "timedOut": false,
              "duration": 714,
              "state": "passed",
              "speed": "slow",
              "pass": true,
              "fail": false,
              "pending": false,
              "context": null,
              "code": "var self = this,\n    args = arguments;\nreturn new Promise(function (resolve, reject) {\n  var gen = fn.apply(self, args);\n  function _next(value) {\n    asyncGeneratorStep(gen, resolve, reject, _next, _throw, \"next\", value);\n  }\n  function _throw(err) {\n    asyncGeneratorStep(gen, resolve, reject, _next, _throw, \"throw\", err);\n  }\n  _next(undefined);\n});",
              "err": {},
              "uuid": "90b85121-8b3d-43cb-a5f1-64ed94dd5618",
              "parentUUID": "723c9b03-d688-44a6-a253-0fc418ee7461",
              "isHook": false,
              "skipped": false
            },
            {
              "title": "GET /posts/:id",
              "fullTitle": "User Posts GET /posts/:id",
              "timedOut": false,
              "duration": 635,
              "state": "passed",
              "speed": "slow",
              "pass": true,
              "fail": false,
              "pending": false,
              "context": null,
              "code": "var self = this,\n    args = arguments;\nreturn new Promise(function (resolve, reject) {\n  var gen = fn.apply(self, args);\n  function _next(value) {\n    asyncGeneratorStep(gen, resolve, reject, _next, _throw, \"next\", value);\n  }\n  function _throw(err) {\n    asyncGeneratorStep(gen, resolve, reject, _next, _throw, \"throw\", err);\n  }\n  _next(undefined);\n});",
              "err": {},
              "uuid": "747e0f32-2e4f-4169-9708-242a3c113230",
              "parentUUID": "723c9b03-d688-44a6-a253-0fc418ee7461",
              "isHook": false,
              "skipped": false
            }
          ],
          "suites": [
            {
              "uuid": "128d9060-7ab9-484a-89c1-4d6eac95673e",
              "title": "Negative Tests",
              "fullFile": "/Users/ashbeher/Desktop/Personal/InterviewPrep/supertest-api-tests/test/post.js",
              "file": "/test/post.js",
              "beforeHooks": [],
              "afterHooks": [],
              "tests": [
                {
                  "title": "401 Authentication Failed",
                  "fullTitle": "User Posts Negative Tests 401 Authentication Failed",
                  "timedOut": false,
                  "duration": 679,
                  "state": "passed",
                  "speed": "slow",
                  "pass": true,
                  "fail": false,
                  "pending": false,
                  "context": null,
                  "code": "var self = this,\n    args = arguments;\nreturn new Promise(function (resolve, reject) {\n  var gen = fn.apply(self, args);\n  function _next(value) {\n    asyncGeneratorStep(gen, resolve, reject, _next, _throw, \"next\", value);\n  }\n  function _throw(err) {\n    asyncGeneratorStep(gen, resolve, reject, _next, _throw, \"throw\", err);\n  }\n  _next(undefined);\n});",
                  "err": {},
                  "uuid": "1e20a60a-7e54-455a-9660-db151fc1bd81",
                  "parentUUID": "128d9060-7ab9-484a-89c1-4d6eac95673e",
                  "isHook": false,
                  "skipped": false
                },
                {
                  "title": "422 Data Validation Failed",
                  "fullTitle": "User Posts Negative Tests 422 Data Validation Failed",
                  "timedOut": false,
                  "duration": 641,
                  "state": "passed",
                  "speed": "slow",
                  "pass": true,
                  "fail": false,
                  "pending": false,
                  "context": null,
                  "code": "var self = this,\n    args = arguments;\nreturn new Promise(function (resolve, reject) {\n  var gen = fn.apply(self, args);\n  function _next(value) {\n    asyncGeneratorStep(gen, resolve, reject, _next, _throw, \"next\", value);\n  }\n  function _throw(err) {\n    asyncGeneratorStep(gen, resolve, reject, _next, _throw, \"throw\", err);\n  }\n  _next(undefined);\n});",
                  "err": {},
                  "uuid": "b3ede07d-2c11-4457-a5b4-2c1d2192842e",
                  "parentUUID": "128d9060-7ab9-484a-89c1-4d6eac95673e",
                  "isHook": false,
                  "skipped": false
                },
                {
                  "title": "422 for Invalid Data for userID",
                  "fullTitle": "User Posts Negative Tests 422 for Invalid Data for userID",
                  "timedOut": false,
                  "duration": 683,
                  "state": "passed",
                  "speed": "slow",
                  "pass": true,
                  "fail": false,
                  "pending": false,
                  "context": null,
                  "code": "var self = this,\n    args = arguments;\nreturn new Promise(function (resolve, reject) {\n  var gen = fn.apply(self, args);\n  function _next(value) {\n    asyncGeneratorStep(gen, resolve, reject, _next, _throw, \"next\", value);\n  }\n  function _throw(err) {\n    asyncGeneratorStep(gen, resolve, reject, _next, _throw, \"throw\", err);\n  }\n  _next(undefined);\n});",
                  "err": {},
                  "uuid": "ed53e2f9-dbd5-4f7f-a6d5-2a5288e50473",
                  "parentUUID": "128d9060-7ab9-484a-89c1-4d6eac95673e",
                  "isHook": false,
                  "skipped": false
                }
              ],
              "suites": [],
              "passes": [
                "1e20a60a-7e54-455a-9660-db151fc1bd81",
                "b3ede07d-2c11-4457-a5b4-2c1d2192842e",
                "ed53e2f9-dbd5-4f7f-a6d5-2a5288e50473"
              ],
              "failures": [],
              "pending": [],
              "skipped": [],
              "duration": 2003,
              "root": false,
              "rootEmpty": false,
              "_timeout": 5000
            }
          ],
          "passes": [
            "90b85121-8b3d-43cb-a5f1-64ed94dd5618",
            "747e0f32-2e4f-4169-9708-242a3c113230"
          ],
          "failures": [],
          "pending": [],
          "skipped": [],
          "duration": 1349,
          "root": false,
          "rootEmpty": false,
          "_timeout": 5000
        }
      ],
      "passes": [],
      "failures": [],
      "pending": [],
      "skipped": [],
      "duration": 0,
      "root": true,
      "rootEmpty": true,
      "_timeout": 5000
    }
  ],
  "meta": {
    "mocha": {
      "version": "8.2.1"
    },
    "mochawesome": {
      "options": {
        "quiet": false,
        "reportFilename": "mochawesome",
        "saveHtml": true,
        "saveJson": true,
        "consoleReporter": "spec",
        "useInlineDiffs": false,
        "code": true
      },
      "version": "6.2.1"
    },
    "marge": {
      "options": null,
      "version": "5.1.0"
    }
  }
}