{
  "stats": {
    "suites": 5,
    "tests": 6,
    "passes": 6,
    "pending": 0,
    "failures": 0,
    "start": "2020-11-22T07:26:25.929Z",
    "end": "2020-11-22T07:26:31.561Z",
    "duration": 5632,
    "testsRegistered": 6,
    "passPercent": 100,
    "pendingPercent": 0,
    "other": 0,
    "hasOther": false,
    "skipped": 0,
    "hasSkipped": false
  },
  "results": [
    {
      "uuid": "6fdd880f-e51b-456f-81ab-2a402a9dfbfd",
      "title": "",
      "fullFile": "",
      "file": "",
      "beforeHooks": [],
      "afterHooks": [],
      "tests": [],
      "suites": [
        {
          "uuid": "f255e4cc-17d5-4375-b7cc-6b603bd8a320",
          "title": "Users",
          "fullFile": "/Users/ashbeher/Desktop/Personal/InterviewPrep/Automation/supertest-api-test/test/users-advanced.js",
          "file": "/test/users-advanced.js",
          "beforeHooks": [],
          "afterHooks": [],
          "tests": [],
          "suites": [
            {
              "uuid": "fc019d96-2b31-459a-8593-2497986a966a",
              "title": "POST",
              "fullFile": "/Users/ashbeher/Desktop/Personal/InterviewPrep/Automation/supertest-api-test/test/users-advanced.js",
              "file": "/test/users-advanced.js",
              "beforeHooks": [],
              "afterHooks": [],
              "tests": [
                {
                  "title": "/users",
                  "fullTitle": "Users POST /users",
                  "timedOut": false,
                  "duration": 773,
                  "state": "passed",
                  "speed": "slow",
                  "pass": true,
                  "fail": false,
                  "pending": false,
                  "context": null,
                  "code": "var data = {\n  email: \"test-\".concat(Math.floor(Math.random() * 9999), \"@mail.ca\"),\n  name: 'Test name',\n  gender: 'Male',\n  status: 'Inactive'\n};\nreturn request.post('users').set('Authorization', \"Bearer \".concat(TOKEN)).send(data).then(function (res) {\n  (0, _chai.expect)(res.body.data).to.deep.include(data);\n  userId = res.body.data.id;\n  console.log(userId);\n});",
                  "err": {},
                  "uuid": "7d294122-deb8-4813-beb8-c43740b5a28d",
                  "parentUUID": "fc019d96-2b31-459a-8593-2497986a966a",
                  "isHook": false,
                  "skipped": false
                }
              ],
              "suites": [],
              "passes": [
                "7d294122-deb8-4813-beb8-c43740b5a28d"
              ],
              "failures": [],
              "pending": [],
              "skipped": [],
              "duration": 773,
              "root": false,
              "rootEmpty": false,
              "_timeout": 5000
            },
            {
              "uuid": "9304df22-6cf4-4e8e-955c-5f1fb8883b59",
              "title": "GET",
              "fullFile": "/Users/ashbeher/Desktop/Personal/InterviewPrep/Automation/supertest-api-test/test/users-advanced.js",
              "file": "/test/users-advanced.js",
              "beforeHooks": [],
              "afterHooks": [],
              "tests": [
                {
                  "title": "GET /users",
                  "fullTitle": "Users GET GET /users",
                  "timedOut": false,
                  "duration": 621,
                  "state": "passed",
                  "speed": "slow",
                  "pass": true,
                  "fail": false,
                  "pending": false,
                  "context": null,
                  "code": "return request.get(\"users?access-token= \".concat(TOKEN)).then(function (res) {\n  (0, _chai.expect)(res.body.data).to.not.be.empty;\n});",
                  "err": {},
                  "uuid": "39025d9a-ad5e-4ee4-8256-d97433c29fe9",
                  "parentUUID": "9304df22-6cf4-4e8e-955c-5f1fb8883b59",
                  "isHook": false,
                  "skipped": false
                },
                {
                  "title": "GET /users/:id",
                  "fullTitle": "Users GET GET /users/:id",
                  "timedOut": false,
                  "duration": 633,
                  "state": "passed",
                  "speed": "slow",
                  "pass": true,
                  "fail": false,
                  "pending": false,
                  "context": null,
                  "code": "return request.get(\"users/\".concat(userId, \"?access-token= \").concat(TOKEN)).then(function (res) {\n  (0, _chai.expect)(res.body.data.id).to.be.equal(userId);\n});",
                  "err": {},
                  "uuid": "cf693221-7ac1-40d1-852a-593052508c7e",
                  "parentUUID": "9304df22-6cf4-4e8e-955c-5f1fb8883b59",
                  "isHook": false,
                  "skipped": false
                },
                {
                  "title": "GET /users with query params",
                  "fullTitle": "Users GET GET /users with query params",
                  "timedOut": false,
                  "duration": 1405,
                  "state": "passed",
                  "speed": "slow",
                  "pass": true,
                  "fail": false,
                  "pending": false,
                  "context": null,
                  "code": "var url = \"users?access-token=\".concat(TOKEN, \"&page=5&gender=Female&status=Active\");\nreturn request.get(url).then(function (res) {\n  (0, _chai.expect)(res.body.data).to.not.be.empty;\n  res.body.data.forEach(function (data) {\n    (0, _chai.expect)(data.gender).to.be.eq('Female');\n    (0, _chai.expect)(data.status).to.be.eq('Active');\n  });\n});",
                  "err": {},
                  "uuid": "249c6f53-3225-4fd7-964a-55ce4f5e1de1",
                  "parentUUID": "9304df22-6cf4-4e8e-955c-5f1fb8883b59",
                  "isHook": false,
                  "skipped": false
                }
              ],
              "suites": [],
              "passes": [
                "39025d9a-ad5e-4ee4-8256-d97433c29fe9",
                "cf693221-7ac1-40d1-852a-593052508c7e",
                "249c6f53-3225-4fd7-964a-55ce4f5e1de1"
              ],
              "failures": [],
              "pending": [],
              "skipped": [],
              "duration": 2659,
              "root": false,
              "rootEmpty": false,
              "_timeout": 5000
            },
            {
              "uuid": "38908f32-1574-4c56-8069-46b5c0ae2552",
              "title": "PUT",
              "fullFile": "/Users/ashbeher/Desktop/Personal/InterviewPrep/Automation/supertest-api-test/test/users-advanced.js",
              "file": "/test/users-advanced.js",
              "beforeHooks": [],
              "afterHooks": [],
              "tests": [
                {
                  "title": "/users/:id",
                  "fullTitle": "Users PUT /users/:id",
                  "timedOut": false,
                  "duration": 802,
                  "state": "passed",
                  "speed": "slow",
                  "pass": true,
                  "fail": false,
                  "pending": false,
                  "context": null,
                  "code": "var data = {\n  name: \"Luffy-\".concat(Math.floor(Math.random() * 9999)),\n  status: 'Active'\n};\nreturn request.put(\"users/\".concat(userId)).set('Authorization', \"Bearer \".concat(TOKEN)).send(data).then(function (res) {\n  (0, _chai.expect)(res.body.data).to.deep.include(data);\n});",
                  "err": {},
                  "uuid": "8d56b384-eec9-4f5e-bcba-b6491de37b65",
                  "parentUUID": "38908f32-1574-4c56-8069-46b5c0ae2552",
                  "isHook": false,
                  "skipped": false
                }
              ],
              "suites": [],
              "passes": [
                "8d56b384-eec9-4f5e-bcba-b6491de37b65"
              ],
              "failures": [],
              "pending": [],
              "skipped": [],
              "duration": 802,
              "root": false,
              "rootEmpty": false,
              "_timeout": 5000
            },
            {
              "uuid": "cace1910-85a3-451b-ab7d-bb26fb3453e7",
              "title": "DELETE",
              "fullFile": "/Users/ashbeher/Desktop/Personal/InterviewPrep/Automation/supertest-api-test/test/users-advanced.js",
              "file": "/test/users-advanced.js",
              "beforeHooks": [],
              "afterHooks": [],
              "tests": [
                {
                  "title": "/users/:id",
                  "fullTitle": "Users DELETE /users/:id",
                  "timedOut": false,
                  "duration": 1380,
                  "state": "passed",
                  "speed": "slow",
                  "pass": true,
                  "fail": false,
                  "pending": false,
                  "context": null,
                  "code": "return request[\"delete\"](\"users/\".concat(userId)).set('Authorization', \"Bearer \".concat(TOKEN)).then(function (res) {\n  (0, _chai.expect)(res.body.data).to.be.eq(null);\n});",
                  "err": {},
                  "uuid": "0cdee866-ca0b-439f-a1db-a852a5562219",
                  "parentUUID": "cace1910-85a3-451b-ab7d-bb26fb3453e7",
                  "isHook": false,
                  "skipped": false
                }
              ],
              "suites": [],
              "passes": [
                "0cdee866-ca0b-439f-a1db-a852a5562219"
              ],
              "failures": [],
              "pending": [],
              "skipped": [],
              "duration": 1380,
              "root": false,
              "rootEmpty": false,
              "_timeout": 5000
            }
          ],
          "passes": [],
          "failures": [],
          "pending": [],
          "skipped": [],
          "duration": 0,
          "root": false,
          "rootEmpty": false,
          "_timeout": 5000
        }
      ],
      "passes": [],
      "failures": [],
      "pending": [],
      "skipped": [],
      "duration": 0,
      "root": true,
      "rootEmpty": true,
      "_timeout": 5000
    }
  ],
  "meta": {
    "mocha": {
      "version": "8.2.1"
    },
    "mochawesome": {
      "options": {
        "quiet": false,
        "reportFilename": "supertest-api-test-framework-2020-11-22:12:56:23",
        "saveHtml": true,
        "saveJson": true,
        "consoleReporter": "spec",
        "useInlineDiffs": false,
        "code": true
      },
      "version": "6.2.1"
    },
    "marge": {
      "options": {
        "reportFilename": "supertest-api-test-framework-2020-11-22:12:56:23"
      },
      "version": "5.1.0"
    }
  }
}