{
  "stats": {
    "suites": 2,
    "tests": 5,
    "passes": 5,
    "pending": 0,
    "failures": 0,
    "start": "2020-11-22T06:15:46.555Z",
    "end": "2020-11-22T06:15:50.334Z",
    "duration": 3779,
    "testsRegistered": 5,
    "passPercent": 100,
    "pendingPercent": 0,
    "other": 0,
    "hasOther": false,
    "skipped": 0,
    "hasSkipped": false
  },
  "results": [
    {
      "uuid": "a9b465d6-ff5f-4254-940b-aa0dcf27c99a",
      "title": "",
      "fullFile": "",
      "file": "",
      "beforeHooks": [],
      "afterHooks": [],
      "tests": [],
      "suites": [
        {
          "uuid": "4777c481-ec76-41ed-86f9-dd900972a03e",
          "title": "User Posts",
          "fullFile": "/Users/ashbeher/Desktop/Personal/InterviewPrep/Automation/supertest-api-test/test/post.js",
          "file": "/test/post.js",
          "beforeHooks": [
            {
              "title": "\"before all\" hook in \"User Posts\"",
              "fullTitle": "User Posts \"before all\" hook in \"User Posts\"",
              "timedOut": false,
              "duration": 676,
              "state": null,
              "speed": null,
              "pass": false,
              "fail": false,
              "pending": false,
              "context": null,
              "code": "var self = this,\n    args = arguments;\nreturn new Promise(function (resolve, reject) {\n  var gen = fn.apply(self, args);\n  function _next(value) {\n    asyncGeneratorStep(gen, resolve, reject, _next, _throw, \"next\", value);\n  }\n  function _throw(err) {\n    asyncGeneratorStep(gen, resolve, reject, _next, _throw, \"throw\", err);\n  }\n  _next(undefined);\n});",
              "err": {},
              "uuid": "ff5a60e8-a2d6-4f42-ab1f-6f440d7201b6",
              "parentUUID": "4777c481-ec76-41ed-86f9-dd900972a03e",
              "isHook": true,
              "skipped": false
            }
          ],
          "afterHooks": [],
          "tests": [
            {
              "title": "POST /posts",
              "fullTitle": "User Posts POST /posts",
              "timedOut": false,
              "duration": 634,
              "state": "passed",
              "speed": "slow",
              "pass": true,
              "fail": false,
              "pending": false,
              "context": null,
              "code": "var self = this,\n    args = arguments;\nreturn new Promise(function (resolve, reject) {\n  var gen = fn.apply(self, args);\n  function _next(value) {\n    asyncGeneratorStep(gen, resolve, reject, _next, _throw, \"next\", value);\n  }\n  function _throw(err) {\n    asyncGeneratorStep(gen, resolve, reject, _next, _throw, \"throw\", err);\n  }\n  _next(undefined);\n});",
              "err": {},
              "uuid": "657a309b-f364-40e6-b6c4-5d734dc8043b",
              "parentUUID": "4777c481-ec76-41ed-86f9-dd900972a03e",
              "isHook": false,
              "skipped": false
            },
            {
              "title": "GET /posts/:id",
              "fullTitle": "User Posts GET /posts/:id",
              "timedOut": false,
              "duration": 636,
              "state": "passed",
              "speed": "slow",
              "pass": true,
              "fail": false,
              "pending": false,
              "context": null,
              "code": "var self = this,\n    args = arguments;\nreturn new Promise(function (resolve, reject) {\n  var gen = fn.apply(self, args);\n  function _next(value) {\n    asyncGeneratorStep(gen, resolve, reject, _next, _throw, \"next\", value);\n  }\n  function _throw(err) {\n    asyncGeneratorStep(gen, resolve, reject, _next, _throw, \"throw\", err);\n  }\n  _next(undefined);\n});",
              "err": {},
              "uuid": "4572887c-59ad-4ca0-9ad7-223174ebe906",
              "parentUUID": "4777c481-ec76-41ed-86f9-dd900972a03e",
              "isHook": false,
              "skipped": false
            }
          ],
          "suites": [
            {
              "uuid": "ffd433ae-c2a5-4052-acd1-812c4ed06019",
              "title": "Negative Tests",
              "fullFile": "/Users/ashbeher/Desktop/Personal/InterviewPrep/Automation/supertest-api-test/test/post.js",
              "file": "/test/post.js",
              "beforeHooks": [],
              "afterHooks": [],
              "tests": [
                {
                  "title": "401 Authentication Failed",
                  "fullTitle": "User Posts Negative Tests 401 Authentication Failed",
                  "timedOut": false,
                  "duration": 639,
                  "state": "passed",
                  "speed": "slow",
                  "pass": true,
                  "fail": false,
                  "pending": false,
                  "context": null,
                  "code": "var self = this,\n    args = arguments;\nreturn new Promise(function (resolve, reject) {\n  var gen = fn.apply(self, args);\n  function _next(value) {\n    asyncGeneratorStep(gen, resolve, reject, _next, _throw, \"next\", value);\n  }\n  function _throw(err) {\n    asyncGeneratorStep(gen, resolve, reject, _next, _throw, \"throw\", err);\n  }\n  _next(undefined);\n});",
                  "err": {},
                  "uuid": "d0e014e5-cf2a-44e7-b26c-f399f2fc6980",
                  "parentUUID": "ffd433ae-c2a5-4052-acd1-812c4ed06019",
                  "isHook": false,
                  "skipped": false
                },
                {
                  "title": "422 Data Validation Failed",
                  "fullTitle": "User Posts Negative Tests 422 Data Validation Failed",
                  "timedOut": false,
                  "duration": 592,
                  "state": "passed",
                  "speed": "slow",
                  "pass": true,
                  "fail": false,
                  "pending": false,
                  "context": null,
                  "code": "var self = this,\n    args = arguments;\nreturn new Promise(function (resolve, reject) {\n  var gen = fn.apply(self, args);\n  function _next(value) {\n    asyncGeneratorStep(gen, resolve, reject, _next, _throw, \"next\", value);\n  }\n  function _throw(err) {\n    asyncGeneratorStep(gen, resolve, reject, _next, _throw, \"throw\", err);\n  }\n  _next(undefined);\n});",
                  "err": {},
                  "uuid": "d213aa24-901d-4a43-a5a3-23d998e7d9c7",
                  "parentUUID": "ffd433ae-c2a5-4052-acd1-812c4ed06019",
                  "isHook": false,
                  "skipped": false
                },
                {
                  "title": "422 for Invalid Data for userID",
                  "fullTitle": "User Posts Negative Tests 422 for Invalid Data for userID",
                  "timedOut": false,
                  "duration": 587,
                  "state": "passed",
                  "speed": "slow",
                  "pass": true,
                  "fail": false,
                  "pending": false,
                  "context": null,
                  "code": "var self = this,\n    args = arguments;\nreturn new Promise(function (resolve, reject) {\n  var gen = fn.apply(self, args);\n  function _next(value) {\n    asyncGeneratorStep(gen, resolve, reject, _next, _throw, \"next\", value);\n  }\n  function _throw(err) {\n    asyncGeneratorStep(gen, resolve, reject, _next, _throw, \"throw\", err);\n  }\n  _next(undefined);\n});",
                  "err": {},
                  "uuid": "1453978e-fd9e-4408-bd64-df2348a658f9",
                  "parentUUID": "ffd433ae-c2a5-4052-acd1-812c4ed06019",
                  "isHook": false,
                  "skipped": false
                }
              ],
              "suites": [],
              "passes": [
                "d0e014e5-cf2a-44e7-b26c-f399f2fc6980",
                "d213aa24-901d-4a43-a5a3-23d998e7d9c7",
                "1453978e-fd9e-4408-bd64-df2348a658f9"
              ],
              "failures": [],
              "pending": [],
              "skipped": [],
              "duration": 1818,
              "root": false,
              "rootEmpty": false,
              "_timeout": 5000
            }
          ],
          "passes": [
            "657a309b-f364-40e6-b6c4-5d734dc8043b",
            "4572887c-59ad-4ca0-9ad7-223174ebe906"
          ],
          "failures": [],
          "pending": [],
          "skipped": [],
          "duration": 1270,
          "root": false,
          "rootEmpty": false,
          "_timeout": 5000
        }
      ],
      "passes": [],
      "failures": [],
      "pending": [],
      "skipped": [],
      "duration": 0,
      "root": true,
      "rootEmpty": true,
      "_timeout": 5000
    }
  ],
  "meta": {
    "mocha": {
      "version": "8.2.1"
    },
    "mochawesome": {
      "options": {
        "quiet": false,
        "reportFilename": "supertest-api-test-framework-2020-11-22:11:45:43",
        "saveHtml": true,
        "saveJson": true,
        "consoleReporter": "spec",
        "useInlineDiffs": false,
        "code": true
      },
      "version": "6.2.1"
    },
    "marge": {
      "options": {
        "reportFilename": "supertest-api-test-framework-2020-11-22:11:45:43"
      },
      "version": "5.1.0"
    }
  }
}