{
  "stats": {
    "suites": 2,
    "tests": 5,
    "passes": 5,
    "pending": 0,
    "failures": 0,
    "start": "2020-11-21T17:21:47.081Z",
    "end": "2020-11-21T17:21:51.414Z",
    "duration": 4333,
    "testsRegistered": 5,
    "passPercent": 100,
    "pendingPercent": 0,
    "other": 0,
    "hasOther": false,
    "skipped": 0,
    "hasSkipped": false
  },
  "results": [
    {
      "uuid": "397cbdb1-dd0b-4020-85c0-cbb14dd14111",
      "title": "",
      "fullFile": "",
      "file": "",
      "beforeHooks": [],
      "afterHooks": [],
      "tests": [],
      "suites": [
        {
          "uuid": "ce74d254-ee7f-4212-8d42-6c142ebb2f37",
          "title": "User Posts",
          "fullFile": "/Users/ashbeher/Desktop/Personal/InterviewPrep/supertest-api-tests/test/post.js",
          "file": "/test/post.js",
          "beforeHooks": [
            {
              "title": "\"before all\" hook in \"User Posts\"",
              "fullTitle": "User Posts \"before all\" hook in \"User Posts\"",
              "timedOut": false,
              "duration": 687,
              "state": null,
              "speed": null,
              "pass": false,
              "fail": false,
              "pending": false,
              "context": null,
              "code": "var self = this,\n    args = arguments;\nreturn new Promise(function (resolve, reject) {\n  var gen = fn.apply(self, args);\n  function _next(value) {\n    asyncGeneratorStep(gen, resolve, reject, _next, _throw, \"next\", value);\n  }\n  function _throw(err) {\n    asyncGeneratorStep(gen, resolve, reject, _next, _throw, \"throw\", err);\n  }\n  _next(undefined);\n});",
              "err": {},
              "uuid": "9705235c-13b8-4016-a81d-9b062fcd8f7d",
              "parentUUID": "ce74d254-ee7f-4212-8d42-6c142ebb2f37",
              "isHook": true,
              "skipped": false
            }
          ],
          "afterHooks": [],
          "tests": [
            {
              "title": "POST /posts",
              "fullTitle": "User Posts POST /posts",
              "timedOut": false,
              "duration": 649,
              "state": "passed",
              "speed": "slow",
              "pass": true,
              "fail": false,
              "pending": false,
              "context": null,
              "code": "var self = this,\n    args = arguments;\nreturn new Promise(function (resolve, reject) {\n  var gen = fn.apply(self, args);\n  function _next(value) {\n    asyncGeneratorStep(gen, resolve, reject, _next, _throw, \"next\", value);\n  }\n  function _throw(err) {\n    asyncGeneratorStep(gen, resolve, reject, _next, _throw, \"throw\", err);\n  }\n  _next(undefined);\n});",
              "err": {},
              "uuid": "0f3d03d5-7f9a-4e14-8353-930d2a68b764",
              "parentUUID": "ce74d254-ee7f-4212-8d42-6c142ebb2f37",
              "isHook": false,
              "skipped": false
            },
            {
              "title": "GET /posts/:id",
              "fullTitle": "User Posts GET /posts/:id",
              "timedOut": false,
              "duration": 661,
              "state": "passed",
              "speed": "slow",
              "pass": true,
              "fail": false,
              "pending": false,
              "context": null,
              "code": "var self = this,\n    args = arguments;\nreturn new Promise(function (resolve, reject) {\n  var gen = fn.apply(self, args);\n  function _next(value) {\n    asyncGeneratorStep(gen, resolve, reject, _next, _throw, \"next\", value);\n  }\n  function _throw(err) {\n    asyncGeneratorStep(gen, resolve, reject, _next, _throw, \"throw\", err);\n  }\n  _next(undefined);\n});",
              "err": {},
              "uuid": "f7692c40-0a6a-4a56-8f5d-9da048d5aa89",
              "parentUUID": "ce74d254-ee7f-4212-8d42-6c142ebb2f37",
              "isHook": false,
              "skipped": false
            }
          ],
          "suites": [
            {
              "uuid": "26c354e0-864d-459b-b1c2-ae0dd11ae99d",
              "title": "Negative Tests",
              "fullFile": "/Users/ashbeher/Desktop/Personal/InterviewPrep/supertest-api-tests/test/post.js",
              "file": "/test/post.js",
              "beforeHooks": [],
              "afterHooks": [],
              "tests": [
                {
                  "title": "401 Authentication Failed",
                  "fullTitle": "User Posts Negative Tests 401 Authentication Failed",
                  "timedOut": false,
                  "duration": 679,
                  "state": "passed",
                  "speed": "slow",
                  "pass": true,
                  "fail": false,
                  "pending": false,
                  "context": null,
                  "code": "var self = this,\n    args = arguments;\nreturn new Promise(function (resolve, reject) {\n  var gen = fn.apply(self, args);\n  function _next(value) {\n    asyncGeneratorStep(gen, resolve, reject, _next, _throw, \"next\", value);\n  }\n  function _throw(err) {\n    asyncGeneratorStep(gen, resolve, reject, _next, _throw, \"throw\", err);\n  }\n  _next(undefined);\n});",
                  "err": {},
                  "uuid": "84f7623d-034b-46c0-95e5-2f32c6e894ba",
                  "parentUUID": "26c354e0-864d-459b-b1c2-ae0dd11ae99d",
                  "isHook": false,
                  "skipped": false
                },
                {
                  "title": "422 Data Validation Failed",
                  "fullTitle": "User Posts Negative Tests 422 Data Validation Failed",
                  "timedOut": false,
                  "duration": 936,
                  "state": "passed",
                  "speed": "slow",
                  "pass": true,
                  "fail": false,
                  "pending": false,
                  "context": null,
                  "code": "var self = this,\n    args = arguments;\nreturn new Promise(function (resolve, reject) {\n  var gen = fn.apply(self, args);\n  function _next(value) {\n    asyncGeneratorStep(gen, resolve, reject, _next, _throw, \"next\", value);\n  }\n  function _throw(err) {\n    asyncGeneratorStep(gen, resolve, reject, _next, _throw, \"throw\", err);\n  }\n  _next(undefined);\n});",
                  "err": {},
                  "uuid": "482348af-63b1-4bcf-a632-da6d6ef593c4",
                  "parentUUID": "26c354e0-864d-459b-b1c2-ae0dd11ae99d",
                  "isHook": false,
                  "skipped": false
                },
                {
                  "title": "422 for Invalid Data for userID",
                  "fullTitle": "User Posts Negative Tests 422 for Invalid Data for userID",
                  "timedOut": false,
                  "duration": 709,
                  "state": "passed",
                  "speed": "slow",
                  "pass": true,
                  "fail": false,
                  "pending": false,
                  "context": null,
                  "code": "var self = this,\n    args = arguments;\nreturn new Promise(function (resolve, reject) {\n  var gen = fn.apply(self, args);\n  function _next(value) {\n    asyncGeneratorStep(gen, resolve, reject, _next, _throw, \"next\", value);\n  }\n  function _throw(err) {\n    asyncGeneratorStep(gen, resolve, reject, _next, _throw, \"throw\", err);\n  }\n  _next(undefined);\n});",
                  "err": {},
                  "uuid": "73c70c56-97ce-4d3e-b9ca-01a94056783f",
                  "parentUUID": "26c354e0-864d-459b-b1c2-ae0dd11ae99d",
                  "isHook": false,
                  "skipped": false
                }
              ],
              "suites": [],
              "passes": [
                "84f7623d-034b-46c0-95e5-2f32c6e894ba",
                "482348af-63b1-4bcf-a632-da6d6ef593c4",
                "73c70c56-97ce-4d3e-b9ca-01a94056783f"
              ],
              "failures": [],
              "pending": [],
              "skipped": [],
              "duration": 2324,
              "root": false,
              "rootEmpty": false,
              "_timeout": 5000
            }
          ],
          "passes": [
            "0f3d03d5-7f9a-4e14-8353-930d2a68b764",
            "f7692c40-0a6a-4a56-8f5d-9da048d5aa89"
          ],
          "failures": [],
          "pending": [],
          "skipped": [],
          "duration": 1310,
          "root": false,
          "rootEmpty": false,
          "_timeout": 5000
        }
      ],
      "passes": [],
      "failures": [],
      "pending": [],
      "skipped": [],
      "duration": 0,
      "root": true,
      "rootEmpty": true,
      "_timeout": 5000
    }
  ],
  "meta": {
    "mocha": {
      "version": "8.2.1"
    },
    "mochawesome": {
      "options": {
        "quiet": false,
        "reportFilename": "supertest-api-test-framework",
        "saveHtml": true,
        "saveJson": true,
        "consoleReporter": "spec",
        "useInlineDiffs": false,
        "code": true
      },
      "version": "6.2.1"
    },
    "marge": {
      "options": {
        "reportFilename": "supertest-api-test-framework"
      },
      "version": "5.1.0"
    }
  }
}