{
  "stats": {
    "suites": 1,
    "tests": 6,
    "passes": 4,
    "pending": 0,
    "failures": 2,
    "start": "2020-11-22T07:27:01.839Z",
    "end": "2020-11-22T07:27:07.824Z",
    "duration": 5985,
    "testsRegistered": 6,
    "passPercent": 66.66666666666666,
    "pendingPercent": 0,
    "other": 0,
    "hasOther": false,
    "skipped": 0,
    "hasSkipped": false
  },
  "results": [
    {
      "uuid": "ed54e148-f82c-4055-9c11-44abf4f12500",
      "title": "",
      "fullFile": "",
      "file": "",
      "beforeHooks": [],
      "afterHooks": [],
      "tests": [],
      "suites": [
        {
          "uuid": "a4553eb2-6b8d-4814-aba7-35f576022b3d",
          "title": "Users",
          "fullFile": "/Users/ashbeher/Desktop/Personal/InterviewPrep/Automation/supertest-api-test/test/users.js",
          "file": "/test/users.js",
          "beforeHooks": [],
          "afterHooks": [],
          "tests": [
            {
              "title": "GET /users",
              "fullTitle": "Users GET /users",
              "timedOut": false,
              "duration": 1667,
              "state": "passed",
              "speed": "slow",
              "pass": true,
              "fail": false,
              "pending": false,
              "context": null,
              "code": "return request.get(\"users?access-token= \".concat(TOKEN)).then(function (res) {\n  (0, _chai.expect)(res.body.data).to.not.be.empty;\n});",
              "err": {},
              "uuid": "bb527f38-54fc-4676-8d40-65cc3351ca83",
              "parentUUID": "a4553eb2-6b8d-4814-aba7-35f576022b3d",
              "isHook": false,
              "skipped": false
            },
            {
              "title": "GET /users/:id",
              "fullTitle": "Users GET /users/:id",
              "timedOut": false,
              "duration": 1546,
              "state": "passed",
              "speed": "slow",
              "pass": true,
              "fail": false,
              "pending": false,
              "context": null,
              "code": "return request.get(\"users/26?access-token= \".concat(TOKEN)).then(function (res) {\n  (0, _chai.expect)(res.body.data.id).to.be.equal(26);\n});",
              "err": {},
              "uuid": "03df8033-c090-437d-bc3f-48426d4580c8",
              "parentUUID": "a4553eb2-6b8d-4814-aba7-35f576022b3d",
              "isHook": false,
              "skipped": false
            },
            {
              "title": "GET /users with query params",
              "fullTitle": "Users GET /users with query params",
              "timedOut": false,
              "duration": 763,
              "state": "passed",
              "speed": "slow",
              "pass": true,
              "fail": false,
              "pending": false,
              "context": null,
              "code": "var url = \"users?access-token=\".concat(TOKEN, \"&page=5&gender=Female&status=Active\");\nreturn request.get(url).then(function (res) {\n  (0, _chai.expect)(res.body.data).to.not.be.empty;\n  res.body.data.forEach(function (data) {\n    (0, _chai.expect)(data.gender).to.be.eq('Female');\n    (0, _chai.expect)(data.status).to.be.eq('Active');\n  });\n});",
              "err": {},
              "uuid": "7f02a5be-5453-467d-808f-2bd056b13997",
              "parentUUID": "a4553eb2-6b8d-4814-aba7-35f576022b3d",
              "isHook": false,
              "skipped": false
            },
            {
              "title": "POST /users",
              "fullTitle": "Users POST /users",
              "timedOut": false,
              "duration": 828,
              "state": "passed",
              "speed": "slow",
              "pass": true,
              "fail": false,
              "pending": false,
              "context": null,
              "code": "var data = {\n  email: \"test-\".concat(Math.floor(Math.random() * 9999), \"@mail.ca\"),\n  name: 'Test name',\n  gender: 'Male',\n  status: 'Inactive'\n};\nreturn request.post('users').set('Authorization', \"Bearer \".concat(TOKEN)).send(data).then(function (res) {\n  console.log(res.body);\n  (0, _chai.expect)(res.body.data).to.deep.include(data);\n});",
              "err": {},
              "uuid": "44970e10-3b8d-4bd1-8a28-9cb00754356a",
              "parentUUID": "a4553eb2-6b8d-4814-aba7-35f576022b3d",
              "isHook": false,
              "skipped": false
            },
            {
              "title": "PUT /users/:id",
              "fullTitle": "Users PUT /users/:id",
              "timedOut": false,
              "duration": 587,
              "state": "failed",
              "speed": null,
              "pass": false,
              "fail": true,
              "pending": false,
              "context": null,
              "code": "var data = {\n  name: \"Luffy-\".concat(Math.floor(Math.random() * 9999)),\n  status: 'Active'\n};\nreturn request.put('users/10').set('Authorization', \"Bearer \".concat(TOKEN)).send(data).then(function (res) {\n  (0, _chai.expect)(res.body.data).to.deep.include(data);\n});",
              "err": {
                "message": "AssertionError: expected { message: 'Resource not found' } to have deep property 'name'",
                "estack": "AssertionError: expected { message: 'Resource not found' } to have deep property 'name'\n    at /Users/ashbeher/Desktop/Personal/InterviewPrep/Automation/supertest-api-test/test/users.js:65:47\n    at processTicksAndRejections (internal/process/next_tick.js:81:5)",
                "diff": null
              },
              "uuid": "c4d5e763-2ecd-4537-a8f2-1884e49b3fc6",
              "parentUUID": "a4553eb2-6b8d-4814-aba7-35f576022b3d",
              "isHook": false,
              "skipped": false
            },
            {
              "title": "DELETE /users/:id",
              "fullTitle": "Users DELETE /users/:id",
              "timedOut": false,
              "duration": 572,
              "state": "failed",
              "speed": null,
              "pass": false,
              "fail": true,
              "pending": false,
              "context": null,
              "code": "return request[\"delete\"]('users/10').set('Authorization', \"Bearer \".concat(TOKEN)).then(function (res) {\n  (0, _chai.expect)(res.body.data).to.be.eq(null);\n});",
              "err": {
                "message": "AssertionError: expected { message: 'Resource not found' } to equal null",
                "estack": "AssertionError: expected { message: 'Resource not found' } to equal null\n    at /Users/ashbeher/Desktop/Personal/InterviewPrep/Automation/supertest-api-test/test/users.js:76:45\n    at processTicksAndRejections (internal/process/next_tick.js:81:5)",
                "diff": null
              },
              "uuid": "5d3a0bb3-cb0a-41ed-b5b5-4636cb9a546f",
              "parentUUID": "a4553eb2-6b8d-4814-aba7-35f576022b3d",
              "isHook": false,
              "skipped": false
            }
          ],
          "suites": [],
          "passes": [
            "bb527f38-54fc-4676-8d40-65cc3351ca83",
            "03df8033-c090-437d-bc3f-48426d4580c8",
            "7f02a5be-5453-467d-808f-2bd056b13997",
            "44970e10-3b8d-4bd1-8a28-9cb00754356a"
          ],
          "failures": [
            "c4d5e763-2ecd-4537-a8f2-1884e49b3fc6",
            "5d3a0bb3-cb0a-41ed-b5b5-4636cb9a546f"
          ],
          "pending": [],
          "skipped": [],
          "duration": 5963,
          "root": false,
          "rootEmpty": false,
          "_timeout": 5000
        }
      ],
      "passes": [],
      "failures": [],
      "pending": [],
      "skipped": [],
      "duration": 0,
      "root": true,
      "rootEmpty": true,
      "_timeout": 5000
    }
  ],
  "meta": {
    "mocha": {
      "version": "8.2.1"
    },
    "mochawesome": {
      "options": {
        "quiet": false,
        "reportFilename": "supertest-api-test-framework-2020-11-22:12:56:59",
        "saveHtml": true,
        "saveJson": true,
        "consoleReporter": "spec",
        "useInlineDiffs": false,
        "code": true
      },
      "version": "6.2.1"
    },
    "marge": {
      "options": {
        "reportFilename": "supertest-api-test-framework-2020-11-22:12:56:59"
      },
      "version": "5.1.0"
    }
  }
}